<?xml version="1.0" encoding="UTF-8"?>
<testsuite xmlns:xsi="http://www.w3.org/2001/XMLSchema-instance" xsi:noNamespaceSchemaLocation="https://maven.apache.org/surefire/maven-surefire-plugin/xsd/surefire-test-report.xsd" version="3.0.2" name="com.neueda.mocking.OrderServiceTest" time="0.108" tests="2" errors="0" skipped="0" failures="0">
  <properties>
[...]
</properties>
  <testcase name="shouldSaveOrder" classname="shouldSaveOrder()" time="0.102"/>
  <testcase name="shouldCreateCorrectOrder" classname="shouldCreateCorrectOrder()" time="0.002"/>
</testsuite>